[INFO  - 2019-04-25T08:03:38.608Z] GhostDriver - Main - running on port 57715
[INFO  - 2019-04-25T08:03:39.435Z] Session [a2866a80-6730-11e9-8359-6d5a57ec0800] - page.settings - {"XSSAuditingEnabled":false,"javascriptCanCloseWindows":true,"javascriptCanOpenWindows":true,"javascriptEnabled":true,"loadImages":true,"localToRemoteUrlAccessEnabled":false,"userAgent":"Mozilla/5.0 (Unknown; Linux x86_64) AppleWebKit/538.1 (KHTML, like Gecko) PhantomJS/2.1.1 Safari/538.1","webSecurityEnabled":true}
[INFO  - 2019-04-25T08:03:39.436Z] Session [a2866a80-6730-11e9-8359-6d5a57ec0800] - page.customHeaders:  - {}
[INFO  - 2019-04-25T08:03:39.436Z] Session [a2866a80-6730-11e9-8359-6d5a57ec0800] - Session.negotiatedCapabilities - {"browserName":"phantomjs","version":"2.1.1","driverName":"ghostdriver","driverVersion":"1.2.0","platform":"linux-unknown-64bit","javascriptEnabled":true,"takesScreenshot":true,"handlesAlerts":false,"databaseEnabled":false,"locationContextEnabled":false,"applicationCacheEnabled":false,"browserConnectionEnabled":false,"cssSelectorsEnabled":true,"webStorageEnabled":false,"rotatable":false,"acceptSslCerts":false,"nativeEvents":true,"proxy":{"proxyType":"direct"}}
[INFO  - 2019-04-25T08:03:39.437Z] SessionManagerReqHand - _postNewSessionCommand - New Session Created: a2866a80-6730-11e9-8359-6d5a57ec0800
[ERROR - 2019-04-25T08:03:47.667Z] Session [a2866a80-6730-11e9-8359-6d5a57ec0800] - page.onError - msg: Unhandled promise rejection TypeError: Network request failed

  phantomjs://platform/console++.js:263 in error
[ERROR - 2019-04-25T08:03:47.668Z] Session [a2866a80-6730-11e9-8359-6d5a57ec0800] - page.onError - stack:
  (anonymous function) (https://learning.oreilly.com/home/dist/vendor.45f93670b9f0471427b9.js:102)

  phantomjs://platform/console++.js:263 in error
[ERROR - 2019-04-25T08:04:01.516Z] Session [a2866a80-6730-11e9-8359-6d5a57ec0800] - page.onError - msg: API request failed: '0'

  phantomjs://platform/console++.js:263 in error
[ERROR - 2019-04-25T08:04:01.517Z] Session [a2866a80-6730-11e9-8359-6d5a57ec0800] - page.onError - stack:
  _onError (https://learning.oreilly.com/static/js/build/reader.4f774b629842.js:1)

  phantomjs://platform/console++.js:263 in error
[ERROR - 2019-04-25T08:04:03.378Z] Session [a2866a80-6730-11e9-8359-6d5a57ec0800] - page.onError - msg: API request failed: '0'

  phantomjs://platform/console++.js:263 in error
[ERROR - 2019-04-25T08:04:03.379Z] Session [a2866a80-6730-11e9-8359-6d5a57ec0800] - page.onError - stack:
  _onError (https://learning.oreilly.com/static/js/build/reader.4f774b629842.js:1)

  phantomjs://platform/console++.js:263 in error
[ERROR - 2019-04-25T08:04:04.972Z] Session [a2866a80-6730-11e9-8359-6d5a57ec0800] - page.onError - msg: API request failed: '0'

  phantomjs://platform/console++.js:263 in error
[ERROR - 2019-04-25T08:04:04.973Z] Session [a2866a80-6730-11e9-8359-6d5a57ec0800] - page.onError - stack:
  _onError (https://learning.oreilly.com/static/js/build/reader.4f774b629842.js:1)

  phantomjs://platform/console++.js:263 in error
[ERROR - 2019-04-25T08:04:06.845Z] Session [a2866a80-6730-11e9-8359-6d5a57ec0800] - page.onError - msg: API request failed: '0'

  phantomjs://platform/console++.js:263 in error
[ERROR - 2019-04-25T08:04:06.846Z] Session [a2866a80-6730-11e9-8359-6d5a57ec0800] - page.onError - stack:
  _onError (https://learning.oreilly.com/static/js/build/reader.4f774b629842.js:1)

  phantomjs://platform/console++.js:263 in error
[ERROR - 2019-04-25T08:04:08.125Z] Session [a2866a80-6730-11e9-8359-6d5a57ec0800] - page.onError - msg: API request failed: '0'

  phantomjs://platform/console++.js:263 in error
[ERROR - 2019-04-25T08:04:08.125Z] Session [a2866a80-6730-11e9-8359-6d5a57ec0800] - page.onError - stack:
  _onError (https://learning.oreilly.com/static/js/build/reader.4f774b629842.js:1)

  phantomjs://platform/console++.js:263 in error
[ERROR - 2019-04-25T08:04:09.464Z] Session [a2866a80-6730-11e9-8359-6d5a57ec0800] - page.onError - msg: API request failed: '0'

  phantomjs://platform/console++.js:263 in error
[ERROR - 2019-04-25T08:04:09.465Z] Session [a2866a80-6730-11e9-8359-6d5a57ec0800] - page.onError - stack:
  _onError (https://learning.oreilly.com/static/js/build/reader.4f774b629842.js:1)

  phantomjs://platform/console++.js:263 in error
[ERROR - 2019-04-25T08:04:11.139Z] Session [a2866a80-6730-11e9-8359-6d5a57ec0800] - page.onError - msg: API request failed: '0'

  phantomjs://platform/console++.js:263 in error
[ERROR - 2019-04-25T08:04:11.140Z] Session [a2866a80-6730-11e9-8359-6d5a57ec0800] - page.onError - stack:
  _onError (https://learning.oreilly.com/static/js/build/reader.4f774b629842.js:1)

  phantomjs://platform/console++.js:263 in error
[ERROR - 2019-04-25T08:04:13.041Z] Session [a2866a80-6730-11e9-8359-6d5a57ec0800] - page.onError - msg: API request failed: '0'

  phantomjs://platform/console++.js:263 in error
[ERROR - 2019-04-25T08:04:13.042Z] Session [a2866a80-6730-11e9-8359-6d5a57ec0800] - page.onError - stack:
  _onError (https://learning.oreilly.com/static/js/build/reader.4f774b629842.js:1)

  phantomjs://platform/console++.js:263 in error
[ERROR - 2019-04-25T08:04:14.011Z] Session [a2866a80-6730-11e9-8359-6d5a57ec0800] - page.onError - msg: API request failed: '0'

  phantomjs://platform/console++.js:263 in error
[ERROR - 2019-04-25T08:04:14.012Z] Session [a2866a80-6730-11e9-8359-6d5a57ec0800] - page.onError - stack:
  _onError (https://learning.oreilly.com/static/js/build/reader.4f774b629842.js:1)

  phantomjs://platform/console++.js:263 in error
[ERROR - 2019-04-25T08:04:14.982Z] Session [a2866a80-6730-11e9-8359-6d5a57ec0800] - page.onError - msg: API request failed: '0'

  phantomjs://platform/console++.js:263 in error
[ERROR - 2019-04-25T08:04:14.983Z] Session [a2866a80-6730-11e9-8359-6d5a57ec0800] - page.onError - stack:
  _onError (https://learning.oreilly.com/static/js/build/reader.4f774b629842.js:1)

  phantomjs://platform/console++.js:263 in error
[ERROR - 2019-04-25T08:04:16.665Z] Session [a2866a80-6730-11e9-8359-6d5a57ec0800] - page.onError - msg: API request failed: '0'

  phantomjs://platform/console++.js:263 in error
[ERROR - 2019-04-25T08:04:16.666Z] Session [a2866a80-6730-11e9-8359-6d5a57ec0800] - page.onError - stack:
  _onError (https://learning.oreilly.com/static/js/build/reader.4f774b629842.js:1)

  phantomjs://platform/console++.js:263 in error
[ERROR - 2019-04-25T08:04:18.174Z] Session [a2866a80-6730-11e9-8359-6d5a57ec0800] - page.onError - msg: API request failed: '0'

  phantomjs://platform/console++.js:263 in error
[ERROR - 2019-04-25T08:04:18.175Z] Session [a2866a80-6730-11e9-8359-6d5a57ec0800] - page.onError - stack:
  _onError (https://learning.oreilly.com/static/js/build/reader.4f774b629842.js:1)

  phantomjs://platform/console++.js:263 in error
[ERROR - 2019-04-25T08:04:19.525Z] Session [a2866a80-6730-11e9-8359-6d5a57ec0800] - page.onError - msg: API request failed: '0'

  phantomjs://platform/console++.js:263 in error
[ERROR - 2019-04-25T08:04:19.526Z] Session [a2866a80-6730-11e9-8359-6d5a57ec0800] - page.onError - stack:
  _onError (https://learning.oreilly.com/static/js/build/reader.4f774b629842.js:1)

  phantomjs://platform/console++.js:263 in error
[ERROR - 2019-04-25T08:04:21.478Z] Session [a2866a80-6730-11e9-8359-6d5a57ec0800] - page.onError - msg: API request failed: '0'

  phantomjs://platform/console++.js:263 in error
[ERROR - 2019-04-25T08:04:21.479Z] Session [a2866a80-6730-11e9-8359-6d5a57ec0800] - page.onError - stack:
  _onError (https://learning.oreilly.com/static/js/build/reader.4f774b629842.js:1)

  phantomjs://platform/console++.js:263 in error
[ERROR - 2019-04-25T08:04:22.264Z] Session [a2866a80-6730-11e9-8359-6d5a57ec0800] - page.onError - msg: API request failed: '0'

  phantomjs://platform/console++.js:263 in error
[ERROR - 2019-04-25T08:04:22.265Z] Session [a2866a80-6730-11e9-8359-6d5a57ec0800] - page.onError - stack:
  _onError (https://learning.oreilly.com/static/js/build/reader.4f774b629842.js:1)

  phantomjs://platform/console++.js:263 in error
[ERROR - 2019-04-25T08:04:23.923Z] Session [a2866a80-6730-11e9-8359-6d5a57ec0800] - page.onError - msg: API request failed: '0'

  phantomjs://platform/console++.js:263 in error
[ERROR - 2019-04-25T08:04:23.924Z] Session [a2866a80-6730-11e9-8359-6d5a57ec0800] - page.onError - stack:
  _onError (https://learning.oreilly.com/static/js/build/reader.4f774b629842.js:1)

  phantomjs://platform/console++.js:263 in error
[ERROR - 2019-04-25T08:04:25.036Z] Session [a2866a80-6730-11e9-8359-6d5a57ec0800] - page.onError - msg: API request failed: '0'

  phantomjs://platform/console++.js:263 in error
[ERROR - 2019-04-25T08:04:25.037Z] Session [a2866a80-6730-11e9-8359-6d5a57ec0800] - page.onError - stack:
  _onError (https://learning.oreilly.com/static/js/build/reader.4f774b629842.js:1)

  phantomjs://platform/console++.js:263 in error
[ERROR - 2019-04-25T08:04:26.532Z] Session [a2866a80-6730-11e9-8359-6d5a57ec0800] - page.onError - msg: API request failed: '0'

  phantomjs://platform/console++.js:263 in error
[ERROR - 2019-04-25T08:04:26.533Z] Session [a2866a80-6730-11e9-8359-6d5a57ec0800] - page.onError - stack:
  _onError (https://learning.oreilly.com/static/js/build/reader.4f774b629842.js:1)

  phantomjs://platform/console++.js:263 in error
[ERROR - 2019-04-25T08:04:28.019Z] Session [a2866a80-6730-11e9-8359-6d5a57ec0800] - page.onError - msg: API request failed: '0'

  phantomjs://platform/console++.js:263 in error
[ERROR - 2019-04-25T08:04:28.020Z] Session [a2866a80-6730-11e9-8359-6d5a57ec0800] - page.onError - stack:
  _onError (https://learning.oreilly.com/static/js/build/reader.4f774b629842.js:1)

  phantomjs://platform/console++.js:263 in error
[ERROR - 2019-04-25T08:04:29.892Z] Session [a2866a80-6730-11e9-8359-6d5a57ec0800] - page.onError - msg: API request failed: '0'

  phantomjs://platform/console++.js:263 in error
[ERROR - 2019-04-25T08:04:29.893Z] Session [a2866a80-6730-11e9-8359-6d5a57ec0800] - page.onError - stack:
  _onError (https://learning.oreilly.com/static/js/build/reader.4f774b629842.js:1)

  phantomjs://platform/console++.js:263 in error
[ERROR - 2019-04-25T08:04:31.562Z] Session [a2866a80-6730-11e9-8359-6d5a57ec0800] - page.onError - msg: API request failed: '0'

  phantomjs://platform/console++.js:263 in error
[ERROR - 2019-04-25T08:04:31.563Z] Session [a2866a80-6730-11e9-8359-6d5a57ec0800] - page.onError - stack:
  _onError (https://learning.oreilly.com/static/js/build/reader.4f774b629842.js:1)

  phantomjs://platform/console++.js:263 in error
[ERROR - 2019-04-25T08:04:34.060Z] Session [a2866a80-6730-11e9-8359-6d5a57ec0800] - page.onError - msg: API request failed: '0'

  phantomjs://platform/console++.js:263 in error
[ERROR - 2019-04-25T08:04:34.061Z] Session [a2866a80-6730-11e9-8359-6d5a57ec0800] - page.onError - stack:
  _onError (https://learning.oreilly.com/static/js/build/reader.4f774b629842.js:1)

  phantomjs://platform/console++.js:263 in error
[ERROR - 2019-04-25T08:04:35.396Z] Session [a2866a80-6730-11e9-8359-6d5a57ec0800] - page.onError - msg: API request failed: '0'

  phantomjs://platform/console++.js:263 in error
[ERROR - 2019-04-25T08:04:35.397Z] Session [a2866a80-6730-11e9-8359-6d5a57ec0800] - page.onError - stack:
  _onError (https://learning.oreilly.com/static/js/build/reader.4f774b629842.js:1)

  phantomjs://platform/console++.js:263 in error
[ERROR - 2019-04-25T08:04:36.707Z] Session [a2866a80-6730-11e9-8359-6d5a57ec0800] - page.onError - msg: API request failed: '0'

  phantomjs://platform/console++.js:263 in error
[ERROR - 2019-04-25T08:04:36.708Z] Session [a2866a80-6730-11e9-8359-6d5a57ec0800] - page.onError - stack:
  _onError (https://learning.oreilly.com/static/js/build/reader.4f774b629842.js:1)

  phantomjs://platform/console++.js:263 in error
[ERROR - 2019-04-25T08:04:38.049Z] Session [a2866a80-6730-11e9-8359-6d5a57ec0800] - page.onError - msg: API request failed: '0'

  phantomjs://platform/console++.js:263 in error
[ERROR - 2019-04-25T08:04:38.050Z] Session [a2866a80-6730-11e9-8359-6d5a57ec0800] - page.onError - stack:
  _onError (https://learning.oreilly.com/static/js/build/reader.4f774b629842.js:1)

  phantomjs://platform/console++.js:263 in error
[ERROR - 2019-04-25T08:04:39.582Z] Session [a2866a80-6730-11e9-8359-6d5a57ec0800] - page.onError - msg: API request failed: '0'

  phantomjs://platform/console++.js:263 in error
[ERROR - 2019-04-25T08:04:39.583Z] Session [a2866a80-6730-11e9-8359-6d5a57ec0800] - page.onError - stack:
  _onError (https://learning.oreilly.com/static/js/build/reader.4f774b629842.js:1)

  phantomjs://platform/console++.js:263 in error
[ERROR - 2019-04-25T08:04:41.156Z] Session [a2866a80-6730-11e9-8359-6d5a57ec0800] - page.onError - msg: API request failed: '0'

  phantomjs://platform/console++.js:263 in error
[ERROR - 2019-04-25T08:04:41.157Z] Session [a2866a80-6730-11e9-8359-6d5a57ec0800] - page.onError - stack:
  _onError (https://learning.oreilly.com/static/js/build/reader.4f774b629842.js:1)

  phantomjs://platform/console++.js:263 in error
[ERROR - 2019-04-25T08:04:42.800Z] Session [a2866a80-6730-11e9-8359-6d5a57ec0800] - page.onError - msg: API request failed: '0'

  phantomjs://platform/console++.js:263 in error
[ERROR - 2019-04-25T08:04:42.801Z] Session [a2866a80-6730-11e9-8359-6d5a57ec0800] - page.onError - stack:
  _onError (https://learning.oreilly.com/static/js/build/reader.4f774b629842.js:1)

  phantomjs://platform/console++.js:263 in error
[ERROR - 2019-04-25T08:04:44.327Z] Session [a2866a80-6730-11e9-8359-6d5a57ec0800] - page.onError - msg: API request failed: '0'

  phantomjs://platform/console++.js:263 in error
[ERROR - 2019-04-25T08:04:44.328Z] Session [a2866a80-6730-11e9-8359-6d5a57ec0800] - page.onError - stack:
  _onError (https://learning.oreilly.com/static/js/build/reader.4f774b629842.js:1)

  phantomjs://platform/console++.js:263 in error
[ERROR - 2019-04-25T08:04:45.318Z] Session [a2866a80-6730-11e9-8359-6d5a57ec0800] - page.onError - msg: API request failed: '0'

  phantomjs://platform/console++.js:263 in error
[ERROR - 2019-04-25T08:04:45.319Z] Session [a2866a80-6730-11e9-8359-6d5a57ec0800] - page.onError - stack:
  _onError (https://learning.oreilly.com/static/js/build/reader.4f774b629842.js:1)

  phantomjs://platform/console++.js:263 in error
[ERROR - 2019-04-25T08:04:46.552Z] Session [a2866a80-6730-11e9-8359-6d5a57ec0800] - page.onError - msg: API request failed: '0'

  phantomjs://platform/console++.js:263 in error
[ERROR - 2019-04-25T08:04:46.553Z] Session [a2866a80-6730-11e9-8359-6d5a57ec0800] - page.onError - stack:
  _onError (https://learning.oreilly.com/static/js/build/reader.4f774b629842.js:1)

  phantomjs://platform/console++.js:263 in error
[ERROR - 2019-04-25T08:04:47.558Z] Session [a2866a80-6730-11e9-8359-6d5a57ec0800] - page.onError - msg: API request failed: '0'

  phantomjs://platform/console++.js:263 in error
[ERROR - 2019-04-25T08:04:47.559Z] Session [a2866a80-6730-11e9-8359-6d5a57ec0800] - page.onError - stack:
  _onError (https://learning.oreilly.com/static/js/build/reader.4f774b629842.js:1)

  phantomjs://platform/console++.js:263 in error
[ERROR - 2019-04-25T08:04:48.479Z] Session [a2866a80-6730-11e9-8359-6d5a57ec0800] - page.onError - msg: API request failed: '0'

  phantomjs://platform/console++.js:263 in error
[ERROR - 2019-04-25T08:04:48.480Z] Session [a2866a80-6730-11e9-8359-6d5a57ec0800] - page.onError - stack:
  _onError (https://learning.oreilly.com/static/js/build/reader.4f774b629842.js:1)

  phantomjs://platform/console++.js:263 in error
[ERROR - 2019-04-25T08:04:49.482Z] Session [a2866a80-6730-11e9-8359-6d5a57ec0800] - page.onError - msg: API request failed: '0'

  phantomjs://platform/console++.js:263 in error
[ERROR - 2019-04-25T08:04:49.483Z] Session [a2866a80-6730-11e9-8359-6d5a57ec0800] - page.onError - stack:
  _onError (https://learning.oreilly.com/static/js/build/reader.4f774b629842.js:1)

  phantomjs://platform/console++.js:263 in error
[ERROR - 2019-04-25T08:04:50.276Z] Session [a2866a80-6730-11e9-8359-6d5a57ec0800] - page.onError - msg: API request failed: '0'

  phantomjs://platform/console++.js:263 in error
[ERROR - 2019-04-25T08:04:50.277Z] Session [a2866a80-6730-11e9-8359-6d5a57ec0800] - page.onError - stack:
  _onError (https://learning.oreilly.com/static/js/build/reader.4f774b629842.js:1)

  phantomjs://platform/console++.js:263 in error
[ERROR - 2019-04-25T08:04:51.197Z] Session [a2866a80-6730-11e9-8359-6d5a57ec0800] - page.onError - msg: API request failed: '0'

  phantomjs://platform/console++.js:263 in error
[ERROR - 2019-04-25T08:04:51.198Z] Session [a2866a80-6730-11e9-8359-6d5a57ec0800] - page.onError - stack:
  _onError (https://learning.oreilly.com/static/js/build/reader.4f774b629842.js:1)

  phantomjs://platform/console++.js:263 in error
[ERROR - 2019-04-25T08:04:52.889Z] Session [a2866a80-6730-11e9-8359-6d5a57ec0800] - page.onError - msg: API request failed: '0'

  phantomjs://platform/console++.js:263 in error
[ERROR - 2019-04-25T08:04:52.890Z] Session [a2866a80-6730-11e9-8359-6d5a57ec0800] - page.onError - stack:
  _onError (https://learning.oreilly.com/static/js/build/reader.4f774b629842.js:1)

  phantomjs://platform/console++.js:263 in error
[ERROR - 2019-04-25T08:04:54.017Z] Session [a2866a80-6730-11e9-8359-6d5a57ec0800] - page.onError - msg: API request failed: '0'

  phantomjs://platform/console++.js:263 in error
[ERROR - 2019-04-25T08:04:54.018Z] Session [a2866a80-6730-11e9-8359-6d5a57ec0800] - page.onError - stack:
  _onError (https://learning.oreilly.com/static/js/build/reader.4f774b629842.js:1)

  phantomjs://platform/console++.js:263 in error
[ERROR - 2019-04-25T08:04:55.992Z] Session [a2866a80-6730-11e9-8359-6d5a57ec0800] - page.onError - msg: API request failed: '0'

  phantomjs://platform/console++.js:263 in error
[ERROR - 2019-04-25T08:04:55.993Z] Session [a2866a80-6730-11e9-8359-6d5a57ec0800] - page.onError - stack:
  _onError (https://learning.oreilly.com/static/js/build/reader.4f774b629842.js:1)

  phantomjs://platform/console++.js:263 in error
[ERROR - 2019-04-25T08:04:57.692Z] Session [a2866a80-6730-11e9-8359-6d5a57ec0800] - page.onError - msg: API request failed: '0'

  phantomjs://platform/console++.js:263 in error
[ERROR - 2019-04-25T08:04:57.693Z] Session [a2866a80-6730-11e9-8359-6d5a57ec0800] - page.onError - stack:
  _onError (https://learning.oreilly.com/static/js/build/reader.4f774b629842.js:1)

  phantomjs://platform/console++.js:263 in error
[ERROR - 2019-04-25T08:05:00.121Z] Session [a2866a80-6730-11e9-8359-6d5a57ec0800] - page.onError - msg: API request failed: '0'

  phantomjs://platform/console++.js:263 in error
[ERROR - 2019-04-25T08:05:00.122Z] Session [a2866a80-6730-11e9-8359-6d5a57ec0800] - page.onError - stack:
  _onError (https://learning.oreilly.com/static/js/build/reader.4f774b629842.js:1)

  phantomjs://platform/console++.js:263 in error
[ERROR - 2019-04-25T08:05:01.444Z] Session [a2866a80-6730-11e9-8359-6d5a57ec0800] - page.onError - msg: API request failed: '0'

  phantomjs://platform/console++.js:263 in error
[ERROR - 2019-04-25T08:05:01.445Z] Session [a2866a80-6730-11e9-8359-6d5a57ec0800] - page.onError - stack:
  _onError (https://learning.oreilly.com/static/js/build/reader.4f774b629842.js:1)

  phantomjs://platform/console++.js:263 in error
[ERROR - 2019-04-25T08:05:02.383Z] Session [a2866a80-6730-11e9-8359-6d5a57ec0800] - page.onError - msg: API request failed: '0'

  phantomjs://platform/console++.js:263 in error
[ERROR - 2019-04-25T08:05:02.384Z] Session [a2866a80-6730-11e9-8359-6d5a57ec0800] - page.onError - stack:
  _onError (https://learning.oreilly.com/static/js/build/reader.4f774b629842.js:1)

  phantomjs://platform/console++.js:263 in error
[ERROR - 2019-04-25T08:05:03.603Z] Session [a2866a80-6730-11e9-8359-6d5a57ec0800] - page.onError - msg: API request failed: '0'

  phantomjs://platform/console++.js:263 in error
[ERROR - 2019-04-25T08:05:03.604Z] Session [a2866a80-6730-11e9-8359-6d5a57ec0800] - page.onError - stack:
  _onError (https://learning.oreilly.com/static/js/build/reader.4f774b629842.js:1)

  phantomjs://platform/console++.js:263 in error
[ERROR - 2019-04-25T08:05:04.679Z] Session [a2866a80-6730-11e9-8359-6d5a57ec0800] - page.onError - msg: API request failed: '0'

  phantomjs://platform/console++.js:263 in error
[ERROR - 2019-04-25T08:05:04.680Z] Session [a2866a80-6730-11e9-8359-6d5a57ec0800] - page.onError - stack:
  _onError (https://learning.oreilly.com/static/js/build/reader.4f774b629842.js:1)

  phantomjs://platform/console++.js:263 in error
[ERROR - 2019-04-25T08:05:05.831Z] Session [a2866a80-6730-11e9-8359-6d5a57ec0800] - page.onError - msg: API request failed: '0'

  phantomjs://platform/console++.js:263 in error
[ERROR - 2019-04-25T08:05:05.832Z] Session [a2866a80-6730-11e9-8359-6d5a57ec0800] - page.onError - stack:
  _onError (https://learning.oreilly.com/static/js/build/reader.4f774b629842.js:1)

  phantomjs://platform/console++.js:263 in error
[ERROR - 2019-04-25T08:05:07.687Z] Session [a2866a80-6730-11e9-8359-6d5a57ec0800] - page.onError - msg: API request failed: '0'

  phantomjs://platform/console++.js:263 in error
[ERROR - 2019-04-25T08:05:07.688Z] Session [a2866a80-6730-11e9-8359-6d5a57ec0800] - page.onError - stack:
  _onError (https://learning.oreilly.com/static/js/build/reader.4f774b629842.js:1)

  phantomjs://platform/console++.js:263 in error
[ERROR - 2019-04-25T08:05:09.250Z] Session [a2866a80-6730-11e9-8359-6d5a57ec0800] - page.onError - msg: API request failed: '0'

  phantomjs://platform/console++.js:263 in error
[ERROR - 2019-04-25T08:05:09.251Z] Session [a2866a80-6730-11e9-8359-6d5a57ec0800] - page.onError - stack:
  _onError (https://learning.oreilly.com/static/js/build/reader.4f774b629842.js:1)

  phantomjs://platform/console++.js:263 in error
[ERROR - 2019-04-25T08:05:10.291Z] Session [a2866a80-6730-11e9-8359-6d5a57ec0800] - page.onError - msg: API request failed: '0'

  phantomjs://platform/console++.js:263 in error
[ERROR - 2019-04-25T08:05:10.292Z] Session [a2866a80-6730-11e9-8359-6d5a57ec0800] - page.onError - stack:
  _onError (https://learning.oreilly.com/static/js/build/reader.4f774b629842.js:1)

  phantomjs://platform/console++.js:263 in error
[ERROR - 2019-04-25T08:05:11.866Z] Session [a2866a80-6730-11e9-8359-6d5a57ec0800] - page.onError - msg: API request failed: '0'

  phantomjs://platform/console++.js:263 in error
[ERROR - 2019-04-25T08:05:11.867Z] Session [a2866a80-6730-11e9-8359-6d5a57ec0800] - page.onError - stack:
  _onError (https://learning.oreilly.com/static/js/build/reader.4f774b629842.js:1)

  phantomjs://platform/console++.js:263 in error
[ERROR - 2019-04-25T08:05:12.818Z] Session [a2866a80-6730-11e9-8359-6d5a57ec0800] - page.onError - msg: API request failed: '0'

  phantomjs://platform/console++.js:263 in error
[ERROR - 2019-04-25T08:05:12.819Z] Session [a2866a80-6730-11e9-8359-6d5a57ec0800] - page.onError - stack:
  _onError (https://learning.oreilly.com/static/js/build/reader.4f774b629842.js:1)

  phantomjs://platform/console++.js:263 in error
[ERROR - 2019-04-25T08:05:14.303Z] Session [a2866a80-6730-11e9-8359-6d5a57ec0800] - page.onError - msg: API request failed: '0'

  phantomjs://platform/console++.js:263 in error
[ERROR - 2019-04-25T08:05:14.304Z] Session [a2866a80-6730-11e9-8359-6d5a57ec0800] - page.onError - stack:
  _onError (https://learning.oreilly.com/static/js/build/reader.4f774b629842.js:1)

  phantomjs://platform/console++.js:263 in error
[ERROR - 2019-04-25T08:05:15.337Z] Session [a2866a80-6730-11e9-8359-6d5a57ec0800] - page.onError - msg: API request failed: '0'

  phantomjs://platform/console++.js:263 in error
[ERROR - 2019-04-25T08:05:15.338Z] Session [a2866a80-6730-11e9-8359-6d5a57ec0800] - page.onError - stack:
  _onError (https://learning.oreilly.com/static/js/build/reader.4f774b629842.js:1)

  phantomjs://platform/console++.js:263 in error
[ERROR - 2019-04-25T08:05:16.870Z] Session [a2866a80-6730-11e9-8359-6d5a57ec0800] - page.onError - msg: API request failed: '0'

  phantomjs://platform/console++.js:263 in error
[ERROR - 2019-04-25T08:05:16.871Z] Session [a2866a80-6730-11e9-8359-6d5a57ec0800] - page.onError - stack:
  _onError (https://learning.oreilly.com/static/js/build/reader.4f774b629842.js:1)

  phantomjs://platform/console++.js:263 in error
[ERROR - 2019-04-25T08:05:17.739Z] Session [a2866a80-6730-11e9-8359-6d5a57ec0800] - page.onError - msg: API request failed: '0'

  phantomjs://platform/console++.js:263 in error
[ERROR - 2019-04-25T08:05:17.740Z] Session [a2866a80-6730-11e9-8359-6d5a57ec0800] - page.onError - stack:
  _onError (https://learning.oreilly.com/static/js/build/reader.4f774b629842.js:1)

  phantomjs://platform/console++.js:263 in error
[ERROR - 2019-04-25T08:05:19.176Z] Session [a2866a80-6730-11e9-8359-6d5a57ec0800] - page.onError - msg: API request failed: '0'

  phantomjs://platform/console++.js:263 in error
[ERROR - 2019-04-25T08:05:19.177Z] Session [a2866a80-6730-11e9-8359-6d5a57ec0800] - page.onError - stack:
  _onError (https://learning.oreilly.com/static/js/build/reader.4f774b629842.js:1)

  phantomjs://platform/console++.js:263 in error
[ERROR - 2019-04-25T08:05:20.728Z] Session [a2866a80-6730-11e9-8359-6d5a57ec0800] - page.onError - msg: API request failed: '0'

  phantomjs://platform/console++.js:263 in error
[ERROR - 2019-04-25T08:05:20.729Z] Session [a2866a80-6730-11e9-8359-6d5a57ec0800] - page.onError - stack:
  _onError (https://learning.oreilly.com/static/js/build/reader.4f774b629842.js:1)

  phantomjs://platform/console++.js:263 in error
[ERROR - 2019-04-25T08:05:21.988Z] Session [a2866a80-6730-11e9-8359-6d5a57ec0800] - page.onError - msg: API request failed: '0'

  phantomjs://platform/console++.js:263 in error
[ERROR - 2019-04-25T08:05:21.989Z] Session [a2866a80-6730-11e9-8359-6d5a57ec0800] - page.onError - stack:
  _onError (https://learning.oreilly.com/static/js/build/reader.4f774b629842.js:1)

  phantomjs://platform/console++.js:263 in error
[ERROR - 2019-04-25T08:05:23.004Z] Session [a2866a80-6730-11e9-8359-6d5a57ec0800] - page.onError - msg: API request failed: '0'

  phantomjs://platform/console++.js:263 in error
[ERROR - 2019-04-25T08:05:23.005Z] Session [a2866a80-6730-11e9-8359-6d5a57ec0800] - page.onError - stack:
  _onError (https://learning.oreilly.com/static/js/build/reader.4f774b629842.js:1)

  phantomjs://platform/console++.js:263 in error
[ERROR - 2019-04-25T08:05:24.434Z] Session [a2866a80-6730-11e9-8359-6d5a57ec0800] - page.onError - msg: API request failed: '0'

  phantomjs://platform/console++.js:263 in error
[ERROR - 2019-04-25T08:05:24.435Z] Session [a2866a80-6730-11e9-8359-6d5a57ec0800] - page.onError - stack:
  _onError (https://learning.oreilly.com/static/js/build/reader.4f774b629842.js:1)

  phantomjs://platform/console++.js:263 in error
[ERROR - 2019-04-25T08:05:28.183Z] Session [a2866a80-6730-11e9-8359-6d5a57ec0800] - page.onError - msg: API request failed: '0'

  phantomjs://platform/console++.js:263 in error
[ERROR - 2019-04-25T08:05:28.184Z] Session [a2866a80-6730-11e9-8359-6d5a57ec0800] - page.onError - stack:
  _onError (https://learning.oreilly.com/static/js/build/reader.4f774b629842.js:1)

  phantomjs://platform/console++.js:263 in error
[ERROR - 2019-04-25T08:05:29.725Z] Session [a2866a80-6730-11e9-8359-6d5a57ec0800] - page.onError - msg: API request failed: '0'

  phantomjs://platform/console++.js:263 in error
[ERROR - 2019-04-25T08:05:29.726Z] Session [a2866a80-6730-11e9-8359-6d5a57ec0800] - page.onError - stack:
  _onError (https://learning.oreilly.com/static/js/build/reader.4f774b629842.js:1)

  phantomjs://platform/console++.js:263 in error
[ERROR - 2019-04-25T08:05:31.004Z] Session [a2866a80-6730-11e9-8359-6d5a57ec0800] - page.onError - msg: API request failed: '0'

  phantomjs://platform/console++.js:263 in error
[ERROR - 2019-04-25T08:05:31.005Z] Session [a2866a80-6730-11e9-8359-6d5a57ec0800] - page.onError - stack:
  _onError (https://learning.oreilly.com/static/js/build/reader.4f774b629842.js:1)

  phantomjs://platform/console++.js:263 in error
[ERROR - 2019-04-25T08:05:32.853Z] Session [a2866a80-6730-11e9-8359-6d5a57ec0800] - page.onError - msg: API request failed: '0'

  phantomjs://platform/console++.js:263 in error
[ERROR - 2019-04-25T08:05:32.854Z] Session [a2866a80-6730-11e9-8359-6d5a57ec0800] - page.onError - stack:
  _onError (https://learning.oreilly.com/static/js/build/reader.4f774b629842.js:1)

  phantomjs://platform/console++.js:263 in error
[ERROR - 2019-04-25T08:05:37.047Z] Session [a2866a80-6730-11e9-8359-6d5a57ec0800] - page.onError - msg: API request failed: '0'

  phantomjs://platform/console++.js:263 in error
[ERROR - 2019-04-25T08:05:37.048Z] Session [a2866a80-6730-11e9-8359-6d5a57ec0800] - page.onError - stack:
  _onError (https://learning.oreilly.com/static/js/build/reader.4f774b629842.js:1)

  phantomjs://platform/console++.js:263 in error
[ERROR - 2019-04-25T08:05:38.523Z] Session [a2866a80-6730-11e9-8359-6d5a57ec0800] - page.onError - msg: API request failed: '0'

  phantomjs://platform/console++.js:263 in error
[ERROR - 2019-04-25T08:05:38.524Z] Session [a2866a80-6730-11e9-8359-6d5a57ec0800] - page.onError - stack:
  _onError (https://learning.oreilly.com/static/js/build/reader.4f774b629842.js:1)

  phantomjs://platform/console++.js:263 in error
[ERROR - 2019-04-25T08:05:39.752Z] Session [a2866a80-6730-11e9-8359-6d5a57ec0800] - page.onError - msg: API request failed: '0'

  phantomjs://platform/console++.js:263 in error
[ERROR - 2019-04-25T08:05:39.752Z] Session [a2866a80-6730-11e9-8359-6d5a57ec0800] - page.onError - stack:
  _onError (https://learning.oreilly.com/static/js/build/reader.4f774b629842.js:1)

  phantomjs://platform/console++.js:263 in error
[ERROR - 2019-04-25T08:05:41.378Z] Session [a2866a80-6730-11e9-8359-6d5a57ec0800] - page.onError - msg: API request failed: '0'

  phantomjs://platform/console++.js:263 in error
[ERROR - 2019-04-25T08:05:41.379Z] Session [a2866a80-6730-11e9-8359-6d5a57ec0800] - page.onError - stack:
  _onError (https://learning.oreilly.com/static/js/build/reader.4f774b629842.js:1)

  phantomjs://platform/console++.js:263 in error
[ERROR - 2019-04-25T08:05:44.138Z] Session [a2866a80-6730-11e9-8359-6d5a57ec0800] - page.onError - msg: API request failed: '0'

  phantomjs://platform/console++.js:263 in error
[ERROR - 2019-04-25T08:05:44.139Z] Session [a2866a80-6730-11e9-8359-6d5a57ec0800] - page.onError - stack:
  _onError (https://learning.oreilly.com/static/js/build/reader.4f774b629842.js:1)

  phantomjs://platform/console++.js:263 in error
[ERROR - 2019-04-25T08:05:47.345Z] Session [a2866a80-6730-11e9-8359-6d5a57ec0800] - page.onError - msg: API request failed: '0'

  phantomjs://platform/console++.js:263 in error
[ERROR - 2019-04-25T08:05:47.346Z] Session [a2866a80-6730-11e9-8359-6d5a57ec0800] - page.onError - stack:
  _onError (https://learning.oreilly.com/static/js/build/reader.4f774b629842.js:1)

  phantomjs://platform/console++.js:263 in error
[ERROR - 2019-04-25T08:05:48.706Z] Session [a2866a80-6730-11e9-8359-6d5a57ec0800] - page.onError - msg: API request failed: '0'

  phantomjs://platform/console++.js:263 in error
[ERROR - 2019-04-25T08:05:48.707Z] Session [a2866a80-6730-11e9-8359-6d5a57ec0800] - page.onError - stack:
  _onError (https://learning.oreilly.com/static/js/build/reader.4f774b629842.js:1)

  phantomjs://platform/console++.js:263 in error
[ERROR - 2019-04-25T08:05:49.816Z] Session [a2866a80-6730-11e9-8359-6d5a57ec0800] - page.onError - msg: API request failed: '0'

  phantomjs://platform/console++.js:263 in error
[ERROR - 2019-04-25T08:05:49.817Z] Session [a2866a80-6730-11e9-8359-6d5a57ec0800] - page.onError - stack:
  _onError (https://learning.oreilly.com/static/js/build/reader.4f774b629842.js:1)

  phantomjs://platform/console++.js:263 in error
[ERROR - 2019-04-25T08:05:52.537Z] Session [a2866a80-6730-11e9-8359-6d5a57ec0800] - page.onError - msg: API request failed: '0'

  phantomjs://platform/console++.js:263 in error
[ERROR - 2019-04-25T08:05:52.538Z] Session [a2866a80-6730-11e9-8359-6d5a57ec0800] - page.onError - stack:
  _onError (https://learning.oreilly.com/static/js/build/reader.4f774b629842.js:1)

  phantomjs://platform/console++.js:263 in error
[ERROR - 2019-04-25T08:05:54.282Z] Session [a2866a80-6730-11e9-8359-6d5a57ec0800] - page.onError - msg: API request failed: '0'

  phantomjs://platform/console++.js:263 in error
[ERROR - 2019-04-25T08:05:54.283Z] Session [a2866a80-6730-11e9-8359-6d5a57ec0800] - page.onError - stack:
  _onError (https://learning.oreilly.com/static/js/build/reader.4f774b629842.js:1)

  phantomjs://platform/console++.js:263 in error
[ERROR - 2019-04-25T08:05:55.576Z] Session [a2866a80-6730-11e9-8359-6d5a57ec0800] - page.onError - msg: API request failed: '0'

  phantomjs://platform/console++.js:263 in error
[ERROR - 2019-04-25T08:05:55.577Z] Session [a2866a80-6730-11e9-8359-6d5a57ec0800] - page.onError - stack:
  _onError (https://learning.oreilly.com/static/js/build/reader.4f774b629842.js:1)

  phantomjs://platform/console++.js:263 in error
[ERROR - 2019-04-25T08:05:57.242Z] Session [a2866a80-6730-11e9-8359-6d5a57ec0800] - page.onError - msg: API request failed: '0'

  phantomjs://platform/console++.js:263 in error
[ERROR - 2019-04-25T08:05:57.243Z] Session [a2866a80-6730-11e9-8359-6d5a57ec0800] - page.onError - stack:
  _onError (https://learning.oreilly.com/static/js/build/reader.4f774b629842.js:1)

  phantomjs://platform/console++.js:263 in error
[ERROR - 2019-04-25T08:05:58.397Z] Session [a2866a80-6730-11e9-8359-6d5a57ec0800] - page.onError - msg: API request failed: '0'

  phantomjs://platform/console++.js:263 in error
[ERROR - 2019-04-25T08:05:58.398Z] Session [a2866a80-6730-11e9-8359-6d5a57ec0800] - page.onError - stack:
  _onError (https://learning.oreilly.com/static/js/build/reader.4f774b629842.js:1)

  phantomjs://platform/console++.js:263 in error
[ERROR - 2019-04-25T08:05:59.450Z] Session [a2866a80-6730-11e9-8359-6d5a57ec0800] - page.onError - msg: API request failed: '0'

  phantomjs://platform/console++.js:263 in error
[ERROR - 2019-04-25T08:05:59.450Z] Session [a2866a80-6730-11e9-8359-6d5a57ec0800] - page.onError - stack:
  _onError (https://learning.oreilly.com/static/js/build/reader.4f774b629842.js:1)

  phantomjs://platform/console++.js:263 in error
[ERROR - 2019-04-25T08:06:00.917Z] Session [a2866a80-6730-11e9-8359-6d5a57ec0800] - page.onError - msg: API request failed: '0'

  phantomjs://platform/console++.js:263 in error
[ERROR - 2019-04-25T08:06:00.918Z] Session [a2866a80-6730-11e9-8359-6d5a57ec0800] - page.onError - stack:
  _onError (https://learning.oreilly.com/static/js/build/reader.4f774b629842.js:1)

  phantomjs://platform/console++.js:263 in error
[ERROR - 2019-04-25T08:06:02.745Z] Session [a2866a80-6730-11e9-8359-6d5a57ec0800] - page.onError - msg: API request failed: '0'

  phantomjs://platform/console++.js:263 in error
[ERROR - 2019-04-25T08:06:02.746Z] Session [a2866a80-6730-11e9-8359-6d5a57ec0800] - page.onError - stack:
  _onError (https://learning.oreilly.com/static/js/build/reader.4f774b629842.js:1)

  phantomjs://platform/console++.js:263 in error
[ERROR - 2019-04-25T08:06:04.385Z] Session [a2866a80-6730-11e9-8359-6d5a57ec0800] - page.onError - msg: API request failed: '0'

  phantomjs://platform/console++.js:263 in error
[ERROR - 2019-04-25T08:06:04.386Z] Session [a2866a80-6730-11e9-8359-6d5a57ec0800] - page.onError - stack:
  _onError (https://learning.oreilly.com/static/js/build/reader.4f774b629842.js:1)

  phantomjs://platform/console++.js:263 in error
[ERROR - 2019-04-25T08:06:05.884Z] Session [a2866a80-6730-11e9-8359-6d5a57ec0800] - page.onError - msg: API request failed: '0'

  phantomjs://platform/console++.js:263 in error
[ERROR - 2019-04-25T08:06:05.885Z] Session [a2866a80-6730-11e9-8359-6d5a57ec0800] - page.onError - stack:
  _onError (https://learning.oreilly.com/static/js/build/reader.4f774b629842.js:1)

  phantomjs://platform/console++.js:263 in error
[ERROR - 2019-04-25T08:06:07.142Z] Session [a2866a80-6730-11e9-8359-6d5a57ec0800] - page.onError - msg: API request failed: '0'

  phantomjs://platform/console++.js:263 in error
[ERROR - 2019-04-25T08:06:07.143Z] Session [a2866a80-6730-11e9-8359-6d5a57ec0800] - page.onError - stack:
  _onError (https://learning.oreilly.com/static/js/build/reader.4f774b629842.js:1)

  phantomjs://platform/console++.js:263 in error
[ERROR - 2019-04-25T08:06:09.115Z] Session [a2866a80-6730-11e9-8359-6d5a57ec0800] - page.onError - msg: API request failed: '0'

  phantomjs://platform/console++.js:263 in error
[ERROR - 2019-04-25T08:06:09.115Z] Session [a2866a80-6730-11e9-8359-6d5a57ec0800] - page.onError - stack:
  _onError (https://learning.oreilly.com/static/js/build/reader.4f774b629842.js:1)

  phantomjs://platform/console++.js:263 in error
[ERROR - 2019-04-25T08:06:10.523Z] Session [a2866a80-6730-11e9-8359-6d5a57ec0800] - page.onError - msg: API request failed: '0'

  phantomjs://platform/console++.js:263 in error
[ERROR - 2019-04-25T08:06:10.524Z] Session [a2866a80-6730-11e9-8359-6d5a57ec0800] - page.onError - stack:
  _onError (https://learning.oreilly.com/static/js/build/reader.4f774b629842.js:1)

  phantomjs://platform/console++.js:263 in error
[ERROR - 2019-04-25T08:06:12.010Z] Session [a2866a80-6730-11e9-8359-6d5a57ec0800] - page.onError - msg: API request failed: '0'

  phantomjs://platform/console++.js:263 in error
[ERROR - 2019-04-25T08:06:12.011Z] Session [a2866a80-6730-11e9-8359-6d5a57ec0800] - page.onError - stack:
  _onError (https://learning.oreilly.com/static/js/build/reader.4f774b629842.js:1)

  phantomjs://platform/console++.js:263 in error
[ERROR - 2019-04-25T08:06:12.960Z] Session [a2866a80-6730-11e9-8359-6d5a57ec0800] - page.onError - msg: API request failed: '0'

  phantomjs://platform/console++.js:263 in error
[ERROR - 2019-04-25T08:06:12.960Z] Session [a2866a80-6730-11e9-8359-6d5a57ec0800] - page.onError - stack:
  _onError (https://learning.oreilly.com/static/js/build/reader.4f774b629842.js:1)

  phantomjs://platform/console++.js:263 in error
[ERROR - 2019-04-25T08:06:14.058Z] Session [a2866a80-6730-11e9-8359-6d5a57ec0800] - page.onError - msg: API request failed: '0'

  phantomjs://platform/console++.js:263 in error
[ERROR - 2019-04-25T08:06:14.059Z] Session [a2866a80-6730-11e9-8359-6d5a57ec0800] - page.onError - stack:
  _onError (https://learning.oreilly.com/static/js/build/reader.4f774b629842.js:1)

  phantomjs://platform/console++.js:263 in error
[ERROR - 2019-04-25T08:06:17.386Z] Session [a2866a80-6730-11e9-8359-6d5a57ec0800] - page.onError - msg: API request failed: '0'

  phantomjs://platform/console++.js:263 in error
[ERROR - 2019-04-25T08:06:17.387Z] Session [a2866a80-6730-11e9-8359-6d5a57ec0800] - page.onError - stack:
  _onError (https://learning.oreilly.com/static/js/build/reader.4f774b629842.js:1)

  phantomjs://platform/console++.js:263 in error
[ERROR - 2019-04-25T08:06:19.368Z] Session [a2866a80-6730-11e9-8359-6d5a57ec0800] - page.onError - msg: API request failed: '0'

  phantomjs://platform/console++.js:263 in error
[ERROR - 2019-04-25T08:06:19.369Z] Session [a2866a80-6730-11e9-8359-6d5a57ec0800] - page.onError - stack:
  _onError (https://learning.oreilly.com/static/js/build/reader.4f774b629842.js:1)

  phantomjs://platform/console++.js:263 in error
[ERROR - 2019-04-25T08:06:20.968Z] Session [a2866a80-6730-11e9-8359-6d5a57ec0800] - page.onError - msg: API request failed: '0'

  phantomjs://platform/console++.js:263 in error
[ERROR - 2019-04-25T08:06:20.969Z] Session [a2866a80-6730-11e9-8359-6d5a57ec0800] - page.onError - stack:
  _onError (https://learning.oreilly.com/static/js/build/reader.4f774b629842.js:1)

  phantomjs://platform/console++.js:263 in error
[ERROR - 2019-04-25T08:06:22.130Z] Session [a2866a80-6730-11e9-8359-6d5a57ec0800] - page.onError - msg: API request failed: '0'

  phantomjs://platform/console++.js:263 in error
[ERROR - 2019-04-25T08:06:22.131Z] Session [a2866a80-6730-11e9-8359-6d5a57ec0800] - page.onError - stack:
  _onError (https://learning.oreilly.com/static/js/build/reader.4f774b629842.js:1)

  phantomjs://platform/console++.js:263 in error
[ERROR - 2019-04-25T08:06:23.068Z] Session [a2866a80-6730-11e9-8359-6d5a57ec0800] - page.onError - msg: API request failed: '0'

  phantomjs://platform/console++.js:263 in error
[ERROR - 2019-04-25T08:06:23.069Z] Session [a2866a80-6730-11e9-8359-6d5a57ec0800] - page.onError - stack:
  _onError (https://learning.oreilly.com/static/js/build/reader.4f774b629842.js:1)

  phantomjs://platform/console++.js:263 in error
[ERROR - 2019-04-25T08:06:27.911Z] Session [a2866a80-6730-11e9-8359-6d5a57ec0800] - page.onError - msg: API request failed: '0'

  phantomjs://platform/console++.js:263 in error
[ERROR - 2019-04-25T08:06:27.912Z] Session [a2866a80-6730-11e9-8359-6d5a57ec0800] - page.onError - stack:
  _onError (https://learning.oreilly.com/static/js/build/reader.4f774b629842.js:1)

  phantomjs://platform/console++.js:263 in error
[ERROR - 2019-04-25T08:06:29.038Z] Session [a2866a80-6730-11e9-8359-6d5a57ec0800] - page.onError - msg: API request failed: '0'

  phantomjs://platform/console++.js:263 in error
[ERROR - 2019-04-25T08:06:29.039Z] Session [a2866a80-6730-11e9-8359-6d5a57ec0800] - page.onError - stack:
  _onError (https://learning.oreilly.com/static/js/build/reader.4f774b629842.js:1)

  phantomjs://platform/console++.js:263 in error
[ERROR - 2019-04-25T08:06:30.381Z] Session [a2866a80-6730-11e9-8359-6d5a57ec0800] - page.onError - msg: API request failed: '0'

  phantomjs://platform/console++.js:263 in error
[ERROR - 2019-04-25T08:06:30.382Z] Session [a2866a80-6730-11e9-8359-6d5a57ec0800] - page.onError - stack:
  _onError (https://learning.oreilly.com/static/js/build/reader.4f774b629842.js:1)

  phantomjs://platform/console++.js:263 in error
[ERROR - 2019-04-25T08:06:31.406Z] Session [a2866a80-6730-11e9-8359-6d5a57ec0800] - page.onError - msg: API request failed: '0'

  phantomjs://platform/console++.js:263 in error
[ERROR - 2019-04-25T08:06:31.407Z] Session [a2866a80-6730-11e9-8359-6d5a57ec0800] - page.onError - stack:
  _onError (https://learning.oreilly.com/static/js/build/reader.4f774b629842.js:1)

  phantomjs://platform/console++.js:263 in error
[ERROR - 2019-04-25T08:06:32.536Z] Session [a2866a80-6730-11e9-8359-6d5a57ec0800] - page.onError - msg: API request failed: '0'

  phantomjs://platform/console++.js:263 in error
[ERROR - 2019-04-25T08:06:32.537Z] Session [a2866a80-6730-11e9-8359-6d5a57ec0800] - page.onError - stack:
  _onError (https://learning.oreilly.com/static/js/build/reader.4f774b629842.js:1)

  phantomjs://platform/console++.js:263 in error
[ERROR - 2019-04-25T08:06:34.075Z] Session [a2866a80-6730-11e9-8359-6d5a57ec0800] - page.onError - msg: API request failed: '0'

  phantomjs://platform/console++.js:263 in error
[ERROR - 2019-04-25T08:06:34.076Z] Session [a2866a80-6730-11e9-8359-6d5a57ec0800] - page.onError - stack:
  _onError (https://learning.oreilly.com/static/js/build/reader.4f774b629842.js:1)

  phantomjs://platform/console++.js:263 in error
[ERROR - 2019-04-25T08:06:35.171Z] Session [a2866a80-6730-11e9-8359-6d5a57ec0800] - page.onError - msg: API request failed: '0'

  phantomjs://platform/console++.js:263 in error
[ERROR - 2019-04-25T08:06:35.172Z] Session [a2866a80-6730-11e9-8359-6d5a57ec0800] - page.onError - stack:
  _onError (https://learning.oreilly.com/static/js/build/reader.4f774b629842.js:1)

  phantomjs://platform/console++.js:263 in error
[ERROR - 2019-04-25T08:06:36.084Z] Session [a2866a80-6730-11e9-8359-6d5a57ec0800] - page.onError - msg: API request failed: '0'

  phantomjs://platform/console++.js:263 in error
[ERROR - 2019-04-25T08:06:36.085Z] Session [a2866a80-6730-11e9-8359-6d5a57ec0800] - page.onError - stack:
  _onError (https://learning.oreilly.com/static/js/build/reader.4f774b629842.js:1)

  phantomjs://platform/console++.js:263 in error
[ERROR - 2019-04-25T08:06:37.219Z] Session [a2866a80-6730-11e9-8359-6d5a57ec0800] - page.onError - msg: API request failed: '0'

  phantomjs://platform/console++.js:263 in error
[ERROR - 2019-04-25T08:06:37.219Z] Session [a2866a80-6730-11e9-8359-6d5a57ec0800] - page.onError - stack:
  _onError (https://learning.oreilly.com/static/js/build/reader.4f774b629842.js:1)

  phantomjs://platform/console++.js:263 in error
[ERROR - 2019-04-25T08:06:38.013Z] Session [a2866a80-6730-11e9-8359-6d5a57ec0800] - page.onError - msg: API request failed: '0'

  phantomjs://platform/console++.js:263 in error
[ERROR - 2019-04-25T08:06:38.014Z] Session [a2866a80-6730-11e9-8359-6d5a57ec0800] - page.onError - stack:
  _onError (https://learning.oreilly.com/static/js/build/reader.4f774b629842.js:1)

  phantomjs://platform/console++.js:263 in error
[ERROR - 2019-04-25T08:06:38.712Z] Session [a2866a80-6730-11e9-8359-6d5a57ec0800] - page.onError - msg: API request failed: '0'

  phantomjs://platform/console++.js:263 in error
[ERROR - 2019-04-25T08:06:38.714Z] Session [a2866a80-6730-11e9-8359-6d5a57ec0800] - page.onError - stack:
  _onError (https://learning.oreilly.com/static/js/build/reader.4f774b629842.js:1)

  phantomjs://platform/console++.js:263 in error
[ERROR - 2019-04-25T08:06:39.982Z] Session [a2866a80-6730-11e9-8359-6d5a57ec0800] - page.onError - msg: API request failed: '0'

  phantomjs://platform/console++.js:263 in error
[ERROR - 2019-04-25T08:06:39.982Z] Session [a2866a80-6730-11e9-8359-6d5a57ec0800] - page.onError - stack:
  _onError (https://learning.oreilly.com/static/js/build/reader.4f774b629842.js:1)

  phantomjs://platform/console++.js:263 in error
[ERROR - 2019-04-25T08:06:40.880Z] Session [a2866a80-6730-11e9-8359-6d5a57ec0800] - page.onError - msg: API request failed: '0'

  phantomjs://platform/console++.js:263 in error
[ERROR - 2019-04-25T08:06:40.881Z] Session [a2866a80-6730-11e9-8359-6d5a57ec0800] - page.onError - stack:
  _onError (https://learning.oreilly.com/static/js/build/reader.4f774b629842.js:1)

  phantomjs://platform/console++.js:263 in error
[ERROR - 2019-04-25T08:06:42.557Z] Session [a2866a80-6730-11e9-8359-6d5a57ec0800] - page.onError - msg: API request failed: '0'

  phantomjs://platform/console++.js:263 in error
[ERROR - 2019-04-25T08:06:42.558Z] Session [a2866a80-6730-11e9-8359-6d5a57ec0800] - page.onError - stack:
  _onError (https://learning.oreilly.com/static/js/build/reader.4f774b629842.js:1)

  phantomjs://platform/console++.js:263 in error
[ERROR - 2019-04-25T08:06:43.497Z] Session [a2866a80-6730-11e9-8359-6d5a57ec0800] - page.onError - msg: API request failed: '0'

  phantomjs://platform/console++.js:263 in error
[ERROR - 2019-04-25T08:06:43.497Z] Session [a2866a80-6730-11e9-8359-6d5a57ec0800] - page.onError - stack:
  _onError (https://learning.oreilly.com/static/js/build/reader.4f774b629842.js:1)

  phantomjs://platform/console++.js:263 in error
[ERROR - 2019-04-25T08:06:45.114Z] Session [a2866a80-6730-11e9-8359-6d5a57ec0800] - page.onError - msg: API request failed: '0'

  phantomjs://platform/console++.js:263 in error
[ERROR - 2019-04-25T08:06:45.116Z] Session [a2866a80-6730-11e9-8359-6d5a57ec0800] - page.onError - stack:
  _onError (https://learning.oreilly.com/static/js/build/reader.4f774b629842.js:1)

  phantomjs://platform/console++.js:263 in error
[ERROR - 2019-04-25T08:06:46.200Z] Session [a2866a80-6730-11e9-8359-6d5a57ec0800] - page.onError - msg: API request failed: '0'

  phantomjs://platform/console++.js:263 in error
[ERROR - 2019-04-25T08:06:46.201Z] Session [a2866a80-6730-11e9-8359-6d5a57ec0800] - page.onError - stack:
  _onError (https://learning.oreilly.com/static/js/build/reader.4f774b629842.js:1)

  phantomjs://platform/console++.js:263 in error
[ERROR - 2019-04-25T08:06:46.964Z] Session [a2866a80-6730-11e9-8359-6d5a57ec0800] - page.onError - msg: API request failed: '0'

  phantomjs://platform/console++.js:263 in error
[ERROR - 2019-04-25T08:06:46.965Z] Session [a2866a80-6730-11e9-8359-6d5a57ec0800] - page.onError - stack:
  _onError (https://learning.oreilly.com/static/js/build/reader.4f774b629842.js:1)

  phantomjs://platform/console++.js:263 in error
[ERROR - 2019-04-25T08:06:48.739Z] Session [a2866a80-6730-11e9-8359-6d5a57ec0800] - page.onError - msg: API request failed: '0'

  phantomjs://platform/console++.js:263 in error
[ERROR - 2019-04-25T08:06:48.740Z] Session [a2866a80-6730-11e9-8359-6d5a57ec0800] - page.onError - stack:
  _onError (https://learning.oreilly.com/static/js/build/reader.4f774b629842.js:1)

  phantomjs://platform/console++.js:263 in error
[ERROR - 2019-04-25T08:06:50.373Z] Session [a2866a80-6730-11e9-8359-6d5a57ec0800] - page.onError - msg: API request failed: '0'

  phantomjs://platform/console++.js:263 in error
[ERROR - 2019-04-25T08:06:50.373Z] Session [a2866a80-6730-11e9-8359-6d5a57ec0800] - page.onError - stack:
  _onError (https://learning.oreilly.com/static/js/build/reader.4f774b629842.js:1)

  phantomjs://platform/console++.js:263 in error
[ERROR - 2019-04-25T08:06:51.149Z] Session [a2866a80-6730-11e9-8359-6d5a57ec0800] - page.onError - msg: API request failed: '0'

  phantomjs://platform/console++.js:263 in error
[ERROR - 2019-04-25T08:06:51.150Z] Session [a2866a80-6730-11e9-8359-6d5a57ec0800] - page.onError - stack:
  _onError (https://learning.oreilly.com/static/js/build/reader.4f774b629842.js:1)

  phantomjs://platform/console++.js:263 in error
[ERROR - 2019-04-25T08:06:54.694Z] Session [a2866a80-6730-11e9-8359-6d5a57ec0800] - page.onError - msg: API request failed: '0'

  phantomjs://platform/console++.js:263 in error
[ERROR - 2019-04-25T08:06:54.695Z] Session [a2866a80-6730-11e9-8359-6d5a57ec0800] - page.onError - stack:
  _onError (https://learning.oreilly.com/static/js/build/reader.4f774b629842.js:1)

  phantomjs://platform/console++.js:263 in error
[ERROR - 2019-04-25T08:06:56.181Z] Session [a2866a80-6730-11e9-8359-6d5a57ec0800] - page.onError - msg: API request failed: '0'

  phantomjs://platform/console++.js:263 in error
[ERROR - 2019-04-25T08:06:56.182Z] Session [a2866a80-6730-11e9-8359-6d5a57ec0800] - page.onError - stack:
  _onError (https://learning.oreilly.com/static/js/build/reader.4f774b629842.js:1)

  phantomjs://platform/console++.js:263 in error
[ERROR - 2019-04-25T08:06:57.112Z] Session [a2866a80-6730-11e9-8359-6d5a57ec0800] - page.onError - msg: API request failed: '0'

  phantomjs://platform/console++.js:263 in error
[ERROR - 2019-04-25T08:06:57.113Z] Session [a2866a80-6730-11e9-8359-6d5a57ec0800] - page.onError - stack:
  _onError (https://learning.oreilly.com/static/js/build/reader.4f774b629842.js:1)

  phantomjs://platform/console++.js:263 in error
[ERROR - 2019-04-25T08:06:58.206Z] Session [a2866a80-6730-11e9-8359-6d5a57ec0800] - page.onError - msg: API request failed: '0'

  phantomjs://platform/console++.js:263 in error
[ERROR - 2019-04-25T08:06:58.207Z] Session [a2866a80-6730-11e9-8359-6d5a57ec0800] - page.onError - stack:
  _onError (https://learning.oreilly.com/static/js/build/reader.4f774b629842.js:1)

  phantomjs://platform/console++.js:263 in error
[ERROR - 2019-04-25T08:06:59.873Z] Session [a2866a80-6730-11e9-8359-6d5a57ec0800] - page.onError - msg: API request failed: '0'

  phantomjs://platform/console++.js:263 in error
[ERROR - 2019-04-25T08:06:59.874Z] Session [a2866a80-6730-11e9-8359-6d5a57ec0800] - page.onError - stack:
  _onError (https://learning.oreilly.com/static/js/build/reader.4f774b629842.js:1)

  phantomjs://platform/console++.js:263 in error
[ERROR - 2019-04-25T08:07:01.878Z] Session [a2866a80-6730-11e9-8359-6d5a57ec0800] - page.onError - msg: API request failed: '0'

  phantomjs://platform/console++.js:263 in error
[ERROR - 2019-04-25T08:07:01.879Z] Session [a2866a80-6730-11e9-8359-6d5a57ec0800] - page.onError - stack:
  _onError (https://learning.oreilly.com/static/js/build/reader.4f774b629842.js:1)

  phantomjs://platform/console++.js:263 in error
[ERROR - 2019-04-25T08:07:03.884Z] Session [a2866a80-6730-11e9-8359-6d5a57ec0800] - page.onError - msg: API request failed: '0'

  phantomjs://platform/console++.js:263 in error
[ERROR - 2019-04-25T08:07:03.885Z] Session [a2866a80-6730-11e9-8359-6d5a57ec0800] - page.onError - stack:
  _onError (https://learning.oreilly.com/static/js/build/reader.4f774b629842.js:1)

  phantomjs://platform/console++.js:263 in error
[ERROR - 2019-04-25T08:07:05.214Z] Session [a2866a80-6730-11e9-8359-6d5a57ec0800] - page.onError - msg: API request failed: '0'

  phantomjs://platform/console++.js:263 in error
[ERROR - 2019-04-25T08:07:05.215Z] Session [a2866a80-6730-11e9-8359-6d5a57ec0800] - page.onError - stack:
  _onError (https://learning.oreilly.com/static/js/build/reader.4f774b629842.js:1)

  phantomjs://platform/console++.js:263 in error
[ERROR - 2019-04-25T08:07:07.422Z] Session [a2866a80-6730-11e9-8359-6d5a57ec0800] - page.onError - msg: API request failed: '0'

  phantomjs://platform/console++.js:263 in error
[ERROR - 2019-04-25T08:07:07.423Z] Session [a2866a80-6730-11e9-8359-6d5a57ec0800] - page.onError - stack:
  _onError (https://learning.oreilly.com/static/js/build/reader.4f774b629842.js:1)

  phantomjs://platform/console++.js:263 in error
[ERROR - 2019-04-25T08:07:09.370Z] Session [a2866a80-6730-11e9-8359-6d5a57ec0800] - page.onError - msg: API request failed: '0'

  phantomjs://platform/console++.js:263 in error
[ERROR - 2019-04-25T08:07:09.371Z] Session [a2866a80-6730-11e9-8359-6d5a57ec0800] - page.onError - stack:
  _onError (https://learning.oreilly.com/static/js/build/reader.4f774b629842.js:1)

  phantomjs://platform/console++.js:263 in error
[ERROR - 2019-04-25T08:07:10.947Z] Session [a2866a80-6730-11e9-8359-6d5a57ec0800] - page.onError - msg: API request failed: '0'

  phantomjs://platform/console++.js:263 in error
[ERROR - 2019-04-25T08:07:10.948Z] Session [a2866a80-6730-11e9-8359-6d5a57ec0800] - page.onError - stack:
  _onError (https://learning.oreilly.com/static/js/build/reader.4f774b629842.js:1)

  phantomjs://platform/console++.js:263 in error
[ERROR - 2019-04-25T08:07:12.692Z] Session [a2866a80-6730-11e9-8359-6d5a57ec0800] - page.onError - msg: API request failed: '0'

  phantomjs://platform/console++.js:263 in error
[ERROR - 2019-04-25T08:07:12.693Z] Session [a2866a80-6730-11e9-8359-6d5a57ec0800] - page.onError - stack:
  _onError (https://learning.oreilly.com/static/js/build/reader.4f774b629842.js:1)

  phantomjs://platform/console++.js:263 in error
[ERROR - 2019-04-25T08:07:13.557Z] Session [a2866a80-6730-11e9-8359-6d5a57ec0800] - page.onError - msg: API request failed: '0'

  phantomjs://platform/console++.js:263 in error
[ERROR - 2019-04-25T08:07:13.558Z] Session [a2866a80-6730-11e9-8359-6d5a57ec0800] - page.onError - stack:
  _onError (https://learning.oreilly.com/static/js/build/reader.4f774b629842.js:1)

  phantomjs://platform/console++.js:263 in error
[ERROR - 2019-04-25T08:07:15.055Z] Session [a2866a80-6730-11e9-8359-6d5a57ec0800] - page.onError - msg: API request failed: '0'

  phantomjs://platform/console++.js:263 in error
[ERROR - 2019-04-25T08:07:15.056Z] Session [a2866a80-6730-11e9-8359-6d5a57ec0800] - page.onError - stack:
  _onError (https://learning.oreilly.com/static/js/build/reader.4f774b629842.js:1)

  phantomjs://platform/console++.js:263 in error
[ERROR - 2019-04-25T08:07:16.422Z] Session [a2866a80-6730-11e9-8359-6d5a57ec0800] - page.onError - msg: API request failed: '0'

  phantomjs://platform/console++.js:263 in error
[ERROR - 2019-04-25T08:07:16.423Z] Session [a2866a80-6730-11e9-8359-6d5a57ec0800] - page.onError - stack:
  _onError (https://learning.oreilly.com/static/js/build/reader.4f774b629842.js:1)

  phantomjs://platform/console++.js:263 in error
[ERROR - 2019-04-25T08:07:17.560Z] Session [a2866a80-6730-11e9-8359-6d5a57ec0800] - page.onError - msg: API request failed: '0'

  phantomjs://platform/console++.js:263 in error
[ERROR - 2019-04-25T08:07:17.562Z] Session [a2866a80-6730-11e9-8359-6d5a57ec0800] - page.onError - stack:
  _onError (https://learning.oreilly.com/static/js/build/reader.4f774b629842.js:1)

  phantomjs://platform/console++.js:263 in error
[ERROR - 2019-04-25T08:07:19.156Z] Session [a2866a80-6730-11e9-8359-6d5a57ec0800] - page.onError - msg: API request failed: '0'

  phantomjs://platform/console++.js:263 in error
[ERROR - 2019-04-25T08:07:19.157Z] Session [a2866a80-6730-11e9-8359-6d5a57ec0800] - page.onError - stack:
  _onError (https://learning.oreilly.com/static/js/build/reader.4f774b629842.js:1)

  phantomjs://platform/console++.js:263 in error
[ERROR - 2019-04-25T08:07:20.307Z] Session [a2866a80-6730-11e9-8359-6d5a57ec0800] - page.onError - msg: API request failed: '0'

  phantomjs://platform/console++.js:263 in error
[ERROR - 2019-04-25T08:07:20.308Z] Session [a2866a80-6730-11e9-8359-6d5a57ec0800] - page.onError - stack:
  _onError (https://learning.oreilly.com/static/js/build/reader.4f774b629842.js:1)

  phantomjs://platform/console++.js:263 in error
[ERROR - 2019-04-25T08:07:21.935Z] Session [a2866a80-6730-11e9-8359-6d5a57ec0800] - page.onError - msg: API request failed: '0'

  phantomjs://platform/console++.js:263 in error
[ERROR - 2019-04-25T08:07:21.936Z] Session [a2866a80-6730-11e9-8359-6d5a57ec0800] - page.onError - stack:
  _onError (https://learning.oreilly.com/static/js/build/reader.4f774b629842.js:1)

  phantomjs://platform/console++.js:263 in error
[ERROR - 2019-04-25T08:07:23.009Z] Session [a2866a80-6730-11e9-8359-6d5a57ec0800] - page.onError - msg: API request failed: '0'

  phantomjs://platform/console++.js:263 in error
[ERROR - 2019-04-25T08:07:23.010Z] Session [a2866a80-6730-11e9-8359-6d5a57ec0800] - page.onError - stack:
  _onError (https://learning.oreilly.com/static/js/build/reader.4f774b629842.js:1)

  phantomjs://platform/console++.js:263 in error
[ERROR - 2019-04-25T08:07:24.295Z] Session [a2866a80-6730-11e9-8359-6d5a57ec0800] - page.onError - msg: API request failed: '0'

  phantomjs://platform/console++.js:263 in error
[ERROR - 2019-04-25T08:07:24.296Z] Session [a2866a80-6730-11e9-8359-6d5a57ec0800] - page.onError - stack:
  _onError (https://learning.oreilly.com/static/js/build/reader.4f774b629842.js:1)

  phantomjs://platform/console++.js:263 in error
[ERROR - 2019-04-25T08:07:25.709Z] Session [a2866a80-6730-11e9-8359-6d5a57ec0800] - page.onError - msg: API request failed: '0'

  phantomjs://platform/console++.js:263 in error
[ERROR - 2019-04-25T08:07:25.710Z] Session [a2866a80-6730-11e9-8359-6d5a57ec0800] - page.onError - stack:
  _onError (https://learning.oreilly.com/static/js/build/reader.4f774b629842.js:1)

  phantomjs://platform/console++.js:263 in error
[ERROR - 2019-04-25T08:07:27.925Z] Session [a2866a80-6730-11e9-8359-6d5a57ec0800] - page.onError - msg: API request failed: '0'

  phantomjs://platform/console++.js:263 in error
[ERROR - 2019-04-25T08:07:27.926Z] Session [a2866a80-6730-11e9-8359-6d5a57ec0800] - page.onError - stack:
  _onError (https://learning.oreilly.com/static/js/build/reader.4f774b629842.js:1)

  phantomjs://platform/console++.js:263 in error
[ERROR - 2019-04-25T08:07:29.624Z] Session [a2866a80-6730-11e9-8359-6d5a57ec0800] - page.onError - msg: API request failed: '0'

  phantomjs://platform/console++.js:263 in error
[ERROR - 2019-04-25T08:07:29.654Z] Session [a2866a80-6730-11e9-8359-6d5a57ec0800] - page.onError - stack:
  _onError (https://learning.oreilly.com/static/js/build/reader.4f774b629842.js:1)

  phantomjs://platform/console++.js:263 in error
[ERROR - 2019-04-25T08:07:30.851Z] Session [a2866a80-6730-11e9-8359-6d5a57ec0800] - page.onError - msg: API request failed: '0'

  phantomjs://platform/console++.js:263 in error
[ERROR - 2019-04-25T08:07:30.852Z] Session [a2866a80-6730-11e9-8359-6d5a57ec0800] - page.onError - stack:
  _onError (https://learning.oreilly.com/static/js/build/reader.4f774b629842.js:1)

  phantomjs://platform/console++.js:263 in error
[ERROR - 2019-04-25T08:07:31.994Z] Session [a2866a80-6730-11e9-8359-6d5a57ec0800] - page.onError - msg: API request failed: '0'

  phantomjs://platform/console++.js:263 in error
[ERROR - 2019-04-25T08:07:31.995Z] Session [a2866a80-6730-11e9-8359-6d5a57ec0800] - page.onError - stack:
  _onError (https://learning.oreilly.com/static/js/build/reader.4f774b629842.js:1)

  phantomjs://platform/console++.js:263 in error
[ERROR - 2019-04-25T08:07:32.999Z] Session [a2866a80-6730-11e9-8359-6d5a57ec0800] - page.onError - msg: API request failed: '0'

  phantomjs://platform/console++.js:263 in error
[ERROR - 2019-04-25T08:07:33.000Z] Session [a2866a80-6730-11e9-8359-6d5a57ec0800] - page.onError - stack:
  _onError (https://learning.oreilly.com/static/js/build/reader.4f774b629842.js:1)

  phantomjs://platform/console++.js:263 in error
[ERROR - 2019-04-25T08:07:34.051Z] Session [a2866a80-6730-11e9-8359-6d5a57ec0800] - page.onError - msg: API request failed: '0'

  phantomjs://platform/console++.js:263 in error
[ERROR - 2019-04-25T08:07:34.052Z] Session [a2866a80-6730-11e9-8359-6d5a57ec0800] - page.onError - stack:
  _onError (https://learning.oreilly.com/static/js/build/reader.4f774b629842.js:1)

  phantomjs://platform/console++.js:263 in error
[ERROR - 2019-04-25T08:07:35.376Z] Session [a2866a80-6730-11e9-8359-6d5a57ec0800] - page.onError - msg: API request failed: '0'

  phantomjs://platform/console++.js:263 in error
[ERROR - 2019-04-25T08:07:35.377Z] Session [a2866a80-6730-11e9-8359-6d5a57ec0800] - page.onError - stack:
  _onError (https://learning.oreilly.com/static/js/build/reader.4f774b629842.js:1)

  phantomjs://platform/console++.js:263 in error
[ERROR - 2019-04-25T08:07:36.259Z] Session [a2866a80-6730-11e9-8359-6d5a57ec0800] - page.onError - msg: API request failed: '0'

  phantomjs://platform/console++.js:263 in error
[ERROR - 2019-04-25T08:07:36.260Z] Session [a2866a80-6730-11e9-8359-6d5a57ec0800] - page.onError - stack:
  _onError (https://learning.oreilly.com/static/js/build/reader.4f774b629842.js:1)

  phantomjs://platform/console++.js:263 in error
[ERROR - 2019-04-25T08:07:37.560Z] Session [a2866a80-6730-11e9-8359-6d5a57ec0800] - page.onError - msg: API request failed: '0'

  phantomjs://platform/console++.js:263 in error
[ERROR - 2019-04-25T08:07:37.561Z] Session [a2866a80-6730-11e9-8359-6d5a57ec0800] - page.onError - stack:
  _onError (https://learning.oreilly.com/static/js/build/reader.4f774b629842.js:1)

  phantomjs://platform/console++.js:263 in error
[ERROR - 2019-04-25T08:07:38.968Z] Session [a2866a80-6730-11e9-8359-6d5a57ec0800] - page.onError - msg: API request failed: '0'

  phantomjs://platform/console++.js:263 in error
[ERROR - 2019-04-25T08:07:38.969Z] Session [a2866a80-6730-11e9-8359-6d5a57ec0800] - page.onError - stack:
  _onError (https://learning.oreilly.com/static/js/build/reader.4f774b629842.js:1)

  phantomjs://platform/console++.js:263 in error
[ERROR - 2019-04-25T08:07:39.766Z] Session [a2866a80-6730-11e9-8359-6d5a57ec0800] - page.onError - msg: API request failed: '0'

  phantomjs://platform/console++.js:263 in error
[ERROR - 2019-04-25T08:07:39.766Z] Session [a2866a80-6730-11e9-8359-6d5a57ec0800] - page.onError - stack:
  _onError (https://learning.oreilly.com/static/js/build/reader.4f774b629842.js:1)

  phantomjs://platform/console++.js:263 in error
[ERROR - 2019-04-25T08:07:41.705Z] Session [a2866a80-6730-11e9-8359-6d5a57ec0800] - page.onError - msg: API request failed: '0'

  phantomjs://platform/console++.js:263 in error
[ERROR - 2019-04-25T08:07:41.706Z] Session [a2866a80-6730-11e9-8359-6d5a57ec0800] - page.onError - stack:
  _onError (https://learning.oreilly.com/static/js/build/reader.4f774b629842.js:1)

  phantomjs://platform/console++.js:263 in error
[ERROR - 2019-04-25T08:07:43.131Z] Session [a2866a80-6730-11e9-8359-6d5a57ec0800] - page.onError - msg: API request failed: '0'

  phantomjs://platform/console++.js:263 in error
[ERROR - 2019-04-25T08:07:43.132Z] Session [a2866a80-6730-11e9-8359-6d5a57ec0800] - page.onError - stack:
  _onError (https://learning.oreilly.com/static/js/build/reader.4f774b629842.js:1)

  phantomjs://platform/console++.js:263 in error
[ERROR - 2019-04-25T08:07:47.570Z] Session [a2866a80-6730-11e9-8359-6d5a57ec0800] - page.onError - msg: API request failed: '0'

  phantomjs://platform/console++.js:263 in error
[ERROR - 2019-04-25T08:07:47.572Z] Session [a2866a80-6730-11e9-8359-6d5a57ec0800] - page.onError - stack:
  _onError (https://learning.oreilly.com/static/js/build/reader.4f774b629842.js:1)

  phantomjs://platform/console++.js:263 in error
[ERROR - 2019-04-25T08:07:49.245Z] Session [a2866a80-6730-11e9-8359-6d5a57ec0800] - page.onError - msg: API request failed: '0'

  phantomjs://platform/console++.js:263 in error
[ERROR - 2019-04-25T08:07:49.246Z] Session [a2866a80-6730-11e9-8359-6d5a57ec0800] - page.onError - stack:
  _onError (https://learning.oreilly.com/static/js/build/reader.4f774b629842.js:1)

  phantomjs://platform/console++.js:263 in error
[ERROR - 2019-04-25T08:07:50.541Z] Session [a2866a80-6730-11e9-8359-6d5a57ec0800] - page.onError - msg: API request failed: '0'

  phantomjs://platform/console++.js:263 in error
[ERROR - 2019-04-25T08:07:50.542Z] Session [a2866a80-6730-11e9-8359-6d5a57ec0800] - page.onError - stack:
  _onError (https://learning.oreilly.com/static/js/build/reader.4f774b629842.js:1)

  phantomjs://platform/console++.js:263 in error
[ERROR - 2019-04-25T08:07:52.466Z] Session [a2866a80-6730-11e9-8359-6d5a57ec0800] - page.onError - msg: API request failed: '0'

  phantomjs://platform/console++.js:263 in error
[ERROR - 2019-04-25T08:07:52.467Z] Session [a2866a80-6730-11e9-8359-6d5a57ec0800] - page.onError - stack:
  _onError (https://learning.oreilly.com/static/js/build/reader.4f774b629842.js:1)

  phantomjs://platform/console++.js:263 in error
[ERROR - 2019-04-25T08:07:54.438Z] Session [a2866a80-6730-11e9-8359-6d5a57ec0800] - page.onError - msg: API request failed: '0'

  phantomjs://platform/console++.js:263 in error
[ERROR - 2019-04-25T08:07:54.439Z] Session [a2866a80-6730-11e9-8359-6d5a57ec0800] - page.onError - stack:
  _onError (https://learning.oreilly.com/static/js/build/reader.4f774b629842.js:1)

  phantomjs://platform/console++.js:263 in error
[ERROR - 2019-04-25T08:07:55.376Z] Session [a2866a80-6730-11e9-8359-6d5a57ec0800] - page.onError - msg: API request failed: '0'

  phantomjs://platform/console++.js:263 in error
[ERROR - 2019-04-25T08:07:55.377Z] Session [a2866a80-6730-11e9-8359-6d5a57ec0800] - page.onError - stack:
  _onError (https://learning.oreilly.com/static/js/build/reader.4f774b629842.js:1)

  phantomjs://platform/console++.js:263 in error
[ERROR - 2019-04-25T08:07:57.231Z] Session [a2866a80-6730-11e9-8359-6d5a57ec0800] - page.onError - msg: API request failed: '0'

  phantomjs://platform/console++.js:263 in error
[ERROR - 2019-04-25T08:07:57.232Z] Session [a2866a80-6730-11e9-8359-6d5a57ec0800] - page.onError - stack:
  _onError (https://learning.oreilly.com/static/js/build/reader.4f774b629842.js:1)

  phantomjs://platform/console++.js:263 in error
[ERROR - 2019-04-25T08:07:58.939Z] Session [a2866a80-6730-11e9-8359-6d5a57ec0800] - page.onError - msg: API request failed: '0'

  phantomjs://platform/console++.js:263 in error
[ERROR - 2019-04-25T08:07:58.940Z] Session [a2866a80-6730-11e9-8359-6d5a57ec0800] - page.onError - stack:
  _onError (https://learning.oreilly.com/static/js/build/reader.4f774b629842.js:1)

  phantomjs://platform/console++.js:263 in error
[ERROR - 2019-04-25T08:08:00.279Z] Session [a2866a80-6730-11e9-8359-6d5a57ec0800] - page.onError - msg: API request failed: '0'

  phantomjs://platform/console++.js:263 in error
[ERROR - 2019-04-25T08:08:00.279Z] Session [a2866a80-6730-11e9-8359-6d5a57ec0800] - page.onError - stack:
  _onError (https://learning.oreilly.com/static/js/build/reader.4f774b629842.js:1)

  phantomjs://platform/console++.js:263 in error
[ERROR - 2019-04-25T08:08:01.464Z] Session [a2866a80-6730-11e9-8359-6d5a57ec0800] - page.onError - msg: API request failed: '0'

  phantomjs://platform/console++.js:263 in error
[ERROR - 2019-04-25T08:08:01.465Z] Session [a2866a80-6730-11e9-8359-6d5a57ec0800] - page.onError - stack:
  _onError (https://learning.oreilly.com/static/js/build/reader.4f774b629842.js:1)

  phantomjs://platform/console++.js:263 in error
[ERROR - 2019-04-25T08:08:02.790Z] Session [a2866a80-6730-11e9-8359-6d5a57ec0800] - page.onError - msg: API request failed: '0'

  phantomjs://platform/console++.js:263 in error
[ERROR - 2019-04-25T08:08:02.791Z] Session [a2866a80-6730-11e9-8359-6d5a57ec0800] - page.onError - stack:
  _onError (https://learning.oreilly.com/static/js/build/reader.4f774b629842.js:1)

  phantomjs://platform/console++.js:263 in error
[ERROR - 2019-04-25T08:08:03.604Z] Session [a2866a80-6730-11e9-8359-6d5a57ec0800] - page.onError - msg: API request failed: '0'

  phantomjs://platform/console++.js:263 in error
[ERROR - 2019-04-25T08:08:03.605Z] Session [a2866a80-6730-11e9-8359-6d5a57ec0800] - page.onError - stack:
  _onError (https://learning.oreilly.com/static/js/build/reader.4f774b629842.js:1)

  phantomjs://platform/console++.js:263 in error
[ERROR - 2019-04-25T08:08:04.406Z] Session [a2866a80-6730-11e9-8359-6d5a57ec0800] - page.onError - msg: API request failed: '0'

  phantomjs://platform/console++.js:263 in error
[ERROR - 2019-04-25T08:08:04.407Z] Session [a2866a80-6730-11e9-8359-6d5a57ec0800] - page.onError - stack:
  _onError (https://learning.oreilly.com/static/js/build/reader.4f774b629842.js:1)

  phantomjs://platform/console++.js:263 in error
[ERROR - 2019-04-25T08:08:05.541Z] Session [a2866a80-6730-11e9-8359-6d5a57ec0800] - page.onError - msg: API request failed: '0'

  phantomjs://platform/console++.js:263 in error
[ERROR - 2019-04-25T08:08:05.542Z] Session [a2866a80-6730-11e9-8359-6d5a57ec0800] - page.onError - stack:
  _onError (https://learning.oreilly.com/static/js/build/reader.4f774b629842.js:1)

  phantomjs://platform/console++.js:263 in error
[ERROR - 2019-04-25T08:08:07.227Z] Session [a2866a80-6730-11e9-8359-6d5a57ec0800] - page.onError - msg: API request failed: '0'

  phantomjs://platform/console++.js:263 in error
[ERROR - 2019-04-25T08:08:07.228Z] Session [a2866a80-6730-11e9-8359-6d5a57ec0800] - page.onError - stack:
  _onError (https://learning.oreilly.com/static/js/build/reader.4f774b629842.js:1)

  phantomjs://platform/console++.js:263 in error
[ERROR - 2019-04-25T08:08:09.842Z] Session [a2866a80-6730-11e9-8359-6d5a57ec0800] - page.onError - msg: API request failed: '0'

  phantomjs://platform/console++.js:263 in error
[ERROR - 2019-04-25T08:08:09.843Z] Session [a2866a80-6730-11e9-8359-6d5a57ec0800] - page.onError - stack:
  _onError (https://learning.oreilly.com/static/js/build/reader.4f774b629842.js:1)

  phantomjs://platform/console++.js:263 in error
[ERROR - 2019-04-25T08:08:10.695Z] Session [a2866a80-6730-11e9-8359-6d5a57ec0800] - page.onError - msg: API request failed: '0'

  phantomjs://platform/console++.js:263 in error
[ERROR - 2019-04-25T08:08:10.696Z] Session [a2866a80-6730-11e9-8359-6d5a57ec0800] - page.onError - stack:
  _onError (https://learning.oreilly.com/static/js/build/reader.4f774b629842.js:1)

  phantomjs://platform/console++.js:263 in error
[ERROR - 2019-04-25T08:08:12.216Z] Session [a2866a80-6730-11e9-8359-6d5a57ec0800] - page.onError - msg: API request failed: '0'

  phantomjs://platform/console++.js:263 in error
[ERROR - 2019-04-25T08:08:12.217Z] Session [a2866a80-6730-11e9-8359-6d5a57ec0800] - page.onError - stack:
  _onError (https://learning.oreilly.com/static/js/build/reader.4f774b629842.js:1)

  phantomjs://platform/console++.js:263 in error
[ERROR - 2019-04-25T08:08:14.168Z] Session [a2866a80-6730-11e9-8359-6d5a57ec0800] - page.onError - msg: API request failed: '0'

  phantomjs://platform/console++.js:263 in error
[ERROR - 2019-04-25T08:08:14.169Z] Session [a2866a80-6730-11e9-8359-6d5a57ec0800] - page.onError - stack:
  _onError (https://learning.oreilly.com/static/js/build/reader.4f774b629842.js:1)

  phantomjs://platform/console++.js:263 in error
[ERROR - 2019-04-25T08:08:15.448Z] Session [a2866a80-6730-11e9-8359-6d5a57ec0800] - page.onError - msg: API request failed: '0'

  phantomjs://platform/console++.js:263 in error
[ERROR - 2019-04-25T08:08:15.449Z] Session [a2866a80-6730-11e9-8359-6d5a57ec0800] - page.onError - stack:
  _onError (https://learning.oreilly.com/static/js/build/reader.4f774b629842.js:1)

  phantomjs://platform/console++.js:263 in error
[ERROR - 2019-04-25T08:08:16.360Z] Session [a2866a80-6730-11e9-8359-6d5a57ec0800] - page.onError - msg: API request failed: '0'

  phantomjs://platform/console++.js:263 in error
[ERROR - 2019-04-25T08:08:16.361Z] Session [a2866a80-6730-11e9-8359-6d5a57ec0800] - page.onError - stack:
  _onError (https://learning.oreilly.com/static/js/build/reader.4f774b629842.js:1)

  phantomjs://platform/console++.js:263 in error
[ERROR - 2019-04-25T08:08:17.939Z] Session [a2866a80-6730-11e9-8359-6d5a57ec0800] - page.onError - msg: API request failed: '0'

  phantomjs://platform/console++.js:263 in error
[ERROR - 2019-04-25T08:08:17.940Z] Session [a2866a80-6730-11e9-8359-6d5a57ec0800] - page.onError - stack:
  _onError (https://learning.oreilly.com/static/js/build/reader.4f774b629842.js:1)

  phantomjs://platform/console++.js:263 in error
[ERROR - 2019-04-25T08:08:19.209Z] Session [a2866a80-6730-11e9-8359-6d5a57ec0800] - page.onError - msg: API request failed: '0'

  phantomjs://platform/console++.js:263 in error
[ERROR - 2019-04-25T08:08:19.210Z] Session [a2866a80-6730-11e9-8359-6d5a57ec0800] - page.onError - stack:
  _onError (https://learning.oreilly.com/static/js/build/reader.4f774b629842.js:1)

  phantomjs://platform/console++.js:263 in error
[ERROR - 2019-04-25T08:08:20.868Z] Session [a2866a80-6730-11e9-8359-6d5a57ec0800] - page.onError - msg: API request failed: '0'

  phantomjs://platform/console++.js:263 in error
[ERROR - 2019-04-25T08:08:20.869Z] Session [a2866a80-6730-11e9-8359-6d5a57ec0800] - page.onError - stack:
  _onError (https://learning.oreilly.com/static/js/build/reader.4f774b629842.js:1)

  phantomjs://platform/console++.js:263 in error
[ERROR - 2019-04-25T08:08:22.233Z] Session [a2866a80-6730-11e9-8359-6d5a57ec0800] - page.onError - msg: API request failed: '0'

  phantomjs://platform/console++.js:263 in error
[ERROR - 2019-04-25T08:08:22.234Z] Session [a2866a80-6730-11e9-8359-6d5a57ec0800] - page.onError - stack:
  _onError (https://learning.oreilly.com/static/js/build/reader.4f774b629842.js:1)

  phantomjs://platform/console++.js:263 in error
[ERROR - 2019-04-25T08:08:23.352Z] Session [a2866a80-6730-11e9-8359-6d5a57ec0800] - page.onError - msg: API request failed: '0'

  phantomjs://platform/console++.js:263 in error
[ERROR - 2019-04-25T08:08:23.353Z] Session [a2866a80-6730-11e9-8359-6d5a57ec0800] - page.onError - stack:
  _onError (https://learning.oreilly.com/static/js/build/reader.4f774b629842.js:1)

  phantomjs://platform/console++.js:263 in error
[ERROR - 2019-04-25T08:08:24.104Z] Session [a2866a80-6730-11e9-8359-6d5a57ec0800] - page.onError - msg: API request failed: '0'

  phantomjs://platform/console++.js:263 in error
[ERROR - 2019-04-25T08:08:24.105Z] Session [a2866a80-6730-11e9-8359-6d5a57ec0800] - page.onError - stack:
  _onError (https://learning.oreilly.com/static/js/build/reader.4f774b629842.js:1)

  phantomjs://platform/console++.js:263 in error
[ERROR - 2019-04-25T08:08:25.733Z] Session [a2866a80-6730-11e9-8359-6d5a57ec0800] - page.onError - msg: API request failed: '0'

  phantomjs://platform/console++.js:263 in error
[ERROR - 2019-04-25T08:08:25.734Z] Session [a2866a80-6730-11e9-8359-6d5a57ec0800] - page.onError - stack:
  _onError (https://learning.oreilly.com/static/js/build/reader.4f774b629842.js:1)

  phantomjs://platform/console++.js:263 in error
[ERROR - 2019-04-25T08:08:26.718Z] Session [a2866a80-6730-11e9-8359-6d5a57ec0800] - page.onError - msg: API request failed: '0'

  phantomjs://platform/console++.js:263 in error
[ERROR - 2019-04-25T08:08:26.719Z] Session [a2866a80-6730-11e9-8359-6d5a57ec0800] - page.onError - stack:
  _onError (https://learning.oreilly.com/static/js/build/reader.4f774b629842.js:1)

  phantomjs://platform/console++.js:263 in error
[ERROR - 2019-04-25T08:08:27.674Z] Session [a2866a80-6730-11e9-8359-6d5a57ec0800] - page.onError - msg: API request failed: '0'

  phantomjs://platform/console++.js:263 in error
[ERROR - 2019-04-25T08:08:27.675Z] Session [a2866a80-6730-11e9-8359-6d5a57ec0800] - page.onError - stack:
  _onError (https://learning.oreilly.com/static/js/build/reader.4f774b629842.js:1)

  phantomjs://platform/console++.js:263 in error
[ERROR - 2019-04-25T08:08:28.529Z] Session [a2866a80-6730-11e9-8359-6d5a57ec0800] - page.onError - msg: API request failed: '0'

  phantomjs://platform/console++.js:263 in error
[ERROR - 2019-04-25T08:08:28.530Z] Session [a2866a80-6730-11e9-8359-6d5a57ec0800] - page.onError - stack:
  _onError (https://learning.oreilly.com/static/js/build/reader.4f774b629842.js:1)

  phantomjs://platform/console++.js:263 in error
[ERROR - 2019-04-25T08:08:29.423Z] Session [a2866a80-6730-11e9-8359-6d5a57ec0800] - page.onError - msg: API request failed: '0'

  phantomjs://platform/console++.js:263 in error
[ERROR - 2019-04-25T08:08:29.424Z] Session [a2866a80-6730-11e9-8359-6d5a57ec0800] - page.onError - stack:
  _onError (https://learning.oreilly.com/static/js/build/reader.4f774b629842.js:1)

  phantomjs://platform/console++.js:263 in error
[ERROR - 2019-04-25T08:08:30.814Z] Session [a2866a80-6730-11e9-8359-6d5a57ec0800] - page.onError - msg: API request failed: '0'

  phantomjs://platform/console++.js:263 in error
[ERROR - 2019-04-25T08:08:30.815Z] Session [a2866a80-6730-11e9-8359-6d5a57ec0800] - page.onError - stack:
  _onError (https://learning.oreilly.com/static/js/build/reader.4f774b629842.js:1)

  phantomjs://platform/console++.js:263 in error
[ERROR - 2019-04-25T08:08:31.800Z] Session [a2866a80-6730-11e9-8359-6d5a57ec0800] - page.onError - msg: API request failed: '0'

  phantomjs://platform/console++.js:263 in error
[ERROR - 2019-04-25T08:08:31.801Z] Session [a2866a80-6730-11e9-8359-6d5a57ec0800] - page.onError - stack:
  _onError (https://learning.oreilly.com/static/js/build/reader.4f774b629842.js:1)

  phantomjs://platform/console++.js:263 in error
[ERROR - 2019-04-25T08:08:33.185Z] Session [a2866a80-6730-11e9-8359-6d5a57ec0800] - page.onError - msg: API request failed: '0'

  phantomjs://platform/console++.js:263 in error
[ERROR - 2019-04-25T08:08:33.186Z] Session [a2866a80-6730-11e9-8359-6d5a57ec0800] - page.onError - stack:
  _onError (https://learning.oreilly.com/static/js/build/reader.4f774b629842.js:1)

  phantomjs://platform/console++.js:263 in error
[ERROR - 2019-04-25T08:08:35.627Z] Session [a2866a80-6730-11e9-8359-6d5a57ec0800] - page.onError - msg: API request failed: '0'

  phantomjs://platform/console++.js:263 in error
[ERROR - 2019-04-25T08:08:35.628Z] Session [a2866a80-6730-11e9-8359-6d5a57ec0800] - page.onError - stack:
  _onError (https://learning.oreilly.com/static/js/build/reader.4f774b629842.js:1)

  phantomjs://platform/console++.js:263 in error
[ERROR - 2019-04-25T08:08:36.691Z] Session [a2866a80-6730-11e9-8359-6d5a57ec0800] - page.onError - msg: API request failed: '0'

  phantomjs://platform/console++.js:263 in error
[ERROR - 2019-04-25T08:08:36.692Z] Session [a2866a80-6730-11e9-8359-6d5a57ec0800] - page.onError - stack:
  _onError (https://learning.oreilly.com/static/js/build/reader.4f774b629842.js:1)

  phantomjs://platform/console++.js:263 in error
[ERROR - 2019-04-25T08:08:37.776Z] Session [a2866a80-6730-11e9-8359-6d5a57ec0800] - page.onError - msg: API request failed: '0'

  phantomjs://platform/console++.js:263 in error
[ERROR - 2019-04-25T08:08:37.777Z] Session [a2866a80-6730-11e9-8359-6d5a57ec0800] - page.onError - stack:
  _onError (https://learning.oreilly.com/static/js/build/reader.4f774b629842.js:1)

  phantomjs://platform/console++.js:263 in error
[INFO  - 2019-04-25T08:08:38.399Z] SessionManagerReqHand - _cleanupWindowlessSessions - Asynchronous Sessions clean-up phase starting NOW
[ERROR - 2019-04-25T08:08:39.135Z] Session [a2866a80-6730-11e9-8359-6d5a57ec0800] - page.onError - msg: API request failed: '0'

  phantomjs://platform/console++.js:263 in error
[ERROR - 2019-04-25T08:08:39.136Z] Session [a2866a80-6730-11e9-8359-6d5a57ec0800] - page.onError - stack:
  _onError (https://learning.oreilly.com/static/js/build/reader.4f774b629842.js:1)

  phantomjs://platform/console++.js:263 in error
